This is pdfTeX, Version 3.14159265-2.6-1.40.20 (TeX Live 2019/W32TeX) (preloaded format=pdflatex 2020.2.7)  10 OCT 2023 16:55
entering extended mode
 restricted \write18 enabled.
 file:line:error style messages enabled.
 %&-line parsing enabled.
**"c:/Users/m/Desktop/Uni/RWTH_Inhalt/23_24/Algorithmic learning theory/Notes/style/main_style.tex"
(c:/Users/m/Desktop/Uni/RWTH_Inhalt/23_24/Algorithmic learning theory/Notes/style/main_style.tex
LaTeX2e <2020-02-02>
L3 programming layer <2020-02-03>
\c@countCode=\count167

c:/Users/m/Desktop/Uni/RWTH_Inhalt/23_24/Algorithmic learning theory/Notes/style/main_style.tex:2: Undefined control sequence.
<recently read> \lstnewenvironment 
                                   
l.2 \lstnewenvironment
                      {code} [1][caption=Ponme caption, label=default]{%
The control sequence at the end of the top line
of your error message was never \def'ed. If you have
misspelled it (e.g., `\hobx'), type `I' and the correct
spelling (e.g., `I\hbox'). Otherwise just continue,
and I'll forget about whatever was undefined.


c:/Users/m/Desktop/Uni/RWTH_Inhalt/23_24/Algorithmic learning theory/Notes/style/main_style.tex:2: LaTeX Error: Missing \begin{document}.

See the LaTeX manual or LaTeX Companion for explanation.
Type  H <return>  for immediate help.
 ...                                              
                                                  
l.2 \lstnewenvironment{c
                        ode} [1][caption=Ponme caption, label=default]{%
You're in trouble here.  Try typing  <return>  to proceed.
If that doesn't work, type  X <return>  to quit.

Missing character: There is no c in font nullfont!
Missing character: There is no o in font nullfont!
Missing character: There is no d in font nullfont!
Missing character: There is no e in font nullfont!
Missing character: There is no [ in font nullfont!
Missing character: There is no 1 in font nullfont!
Missing character: There is no ] in font nullfont!
Missing character: There is no [ in font nullfont!
Missing character: There is no c in font nullfont!
Missing character: There is no a in font nullfont!
Missing character: There is no p in font nullfont!
Missing character: There is no t in font nullfont!
Missing character: There is no i in font nullfont!
Missing character: There is no o in font nullfont!
Missing character: There is no n in font nullfont!
Missing character: There is no = in font nullfont!
Missing character: There is no P in font nullfont!
Missing character: There is no o in font nullfont!
Missing character: There is no n in font nullfont!
Missing character: There is no m in font nullfont!
Missing character: There is no e in font nullfont!
Missing character: There is no c in font nullfont!
Missing character: There is no a in font nullfont!
Missing character: There is no p in font nullfont!
Missing character: There is no t in font nullfont!
Missing character: There is no i in font nullfont!
Missing character: There is no o in font nullfont!
Missing character: There is no n in font nullfont!
Missing character: There is no , in font nullfont!
Missing character: There is no l in font nullfont!
Missing character: There is no a in font nullfont!
Missing character: There is no b in font nullfont!
Missing character: There is no e in font nullfont!
Missing character: There is no l in font nullfont!
Missing character: There is no = in font nullfont!
Missing character: There is no d in font nullfont!
Missing character: There is no e in font nullfont!
Missing character: There is no f in font nullfont!
Missing character: There is no a in font nullfont!
Missing character: There is no u in font nullfont!
Missing character: There is no l in font nullfont!
Missing character: There is no t in font nullfont!
Missing character: There is no ] in font nullfont!

c:/Users/m/Desktop/Uni/RWTH_Inhalt/23_24/Algorithmic learning theory/Notes/style/main_style.tex:3: LaTeX Error: Command \lstlistingname undefined.

See the LaTeX manual or LaTeX Companion for explanation.
Type  H <return>  for immediate help.
 ...                                              
                                                  
l.3 	\renewcommand*{\lstlistingname}
                                    {Listado}
Try typing  <return>  to proceed.
If that doesn't work, type  X <return>  to quit.


c:/Users/m/Desktop/Uni/RWTH_Inhalt/23_24/Algorithmic learning theory/Notes/style/main_style.tex:4: LaTeX Error: No counter 'lstlisting' defined.

See the LaTeX manual or LaTeX Companion for explanation.
Type  H <return>  for immediate help.
 ...                                              
                                                  
l.4 	\setcounter{lstlisting}{\value{countCode}}
                                               
Your command was ignored.
Type  I <command> <return>  to replace it with another command,
or  <return>  to continue without it.

c:/Users/m/Desktop/Uni/RWTH_Inhalt/23_24/Algorithmic learning theory/Notes/style/main_style.tex:5: Undefined control sequence.
l.5 	\lstset
            { %
The control sequence at the end of the top line
of your error message was never \def'ed. If you have
misspelled it (e.g., `\hobx'), type `I' and the correct
spelling (e.g., `I\hbox'). Otherwise just continue,
and I'll forget about whatever was undefined.

Missing character: There is no l in font nullfont!
Missing character: There is no a in font nullfont!
Missing character: There is no n in font nullfont!
Missing character: There is no g in font nullfont!
Missing character: There is no u in font nullfont!
Missing character: There is no a in font nullfont!
Missing character: There is no g in font nullfont!
Missing character: There is no e in font nullfont!
Missing character: There is no = in font nullfont!
Missing character: There is no j in font nullfont!
Missing character: There is no a in font nullfont!
Missing character: There is no v in font nullfont!
Missing character: There is no a in font nullfont!
Missing character: There is no , in font nullfont!
Missing character: There is no b in font nullfont!
Missing character: There is no a in font nullfont!
Missing character: There is no s in font nullfont!
Missing character: There is no i in font nullfont!
Missing character: There is no c in font nullfont!
Missing character: There is no s in font nullfont!
Missing character: There is no t in font nullfont!
Missing character: There is no y in font nullfont!
Missing character: There is no l in font nullfont!
Missing character: There is no e in font nullfont!
Missing character: There is no = in font nullfont!
c:/Users/m/Desktop/Uni/RWTH_Inhalt/23_24/Algorithmic learning theory/Notes/style/main_style.tex:7: Undefined control sequence.
l.7 	basicstyle=\ttfamily\footnotesize
                                      ,       % the size of the fonts that a...
The control sequence at the end of the top line
of your error message was never \def'ed. If you have
misspelled it (e.g., `\hobx'), type `I' and the correct
spelling (e.g., `I\hbox'). Otherwise just continue,
and I'll forget about whatever was undefined.

c:/Users/m/Desktop/Uni/RWTH_Inhalt/23_24/Algorithmic learning theory/Notes/style/main_style.tex:9: Undefined control sequence.
l.9 	numberstyle=\sc
                    ,      % the size of the fonts that are used for the lin...
The control sequence at the end of the top line
of your error message was never \def'ed. If you have
misspelled it (e.g., `\hobx'), type `I' and the correct
spelling (e.g., `I\hbox'). Otherwise just continue,
and I'll forget about whatever was undefined.

c:/Users/m/Desktop/Uni/RWTH_Inhalt/23_24/Algorithmic learning theory/Notes/style/main_style.tex:12: Undefined control sequence.
l.12 	numberstyle=\color
                        {red!50!blue},
The control sequence at the end of the top line
of your error message was never \def'ed. If you have
misspelled it (e.g., `\hobx'), type `I' and the correct
spelling (e.g., `I\hbox'). Otherwise just continue,
and I'll forget about whatever was undefined.

c:/Users/m/Desktop/Uni/RWTH_Inhalt/23_24/Algorithmic learning theory/Notes/style/main_style.tex:13: Undefined control sequence.
l.13     	backgroundcolor=\color
                                {lightgray!20},
The control sequence at the end of the top line
of your error message was never \def'ed. If you have
misspelled it (e.g., `\hobx'), type `I' and the correct
spelling (e.g., `I\hbox'). Otherwise just continue,
and I'll forget about whatever was undefined.

c:/Users/m/Desktop/Uni/RWTH_Inhalt/23_24/Algorithmic learning theory/Notes/style/main_style.tex:14: Undefined control sequence.
l.14 	rulecolor=\color
                      {blue},
The control sequence at the end of the top line
of your error message was never \def'ed. If you have
misspelled it (e.g., `\hobx'), type `I' and the correct
spelling (e.g., `I\hbox'). Otherwise just continue,
and I'll forget about whatever was undefined.

c:/Users/m/Desktop/Uni/RWTH_Inhalt/23_24/Algorithmic learning theory/Notes/style/main_style.tex:15: Undefined control sequence.
l.15 	keywordstyle=\color
                         {red}\bfseries,
The control sequence at the end of the top line
of your error message was never \def'ed. If you have
misspelled it (e.g., `\hobx'), type `I' and the correct
spelling (e.g., `I\hbox'). Otherwise just continue,
and I'll forget about whatever was undefined.

LaTeX Font Info:    Font shape `OT1/cmtt/bx/n' in size <10> not available
(Font)              Font shape `OT1/cmtt/m/n' tried instead on input line 15.
c:/Users/m/Desktop/Uni/RWTH_Inhalt/23_24/Algorithmic learning theory/Notes/style/main_style.tex:32: Missing $ inserted.
<inserted text> 
                $
l.32 ...t, ellipse, triangle, arc, save, PI, HALF_
                                                  PI, QUARTER_PI, TAU, TWO_P...
I've inserted a begin-math/end-math symbol since I think
you left one out. Proceed, with fingers crossed.

LaTeX Font Info:    External font `cmex10' loaded for size
(Font)              <7> on input line 32.
LaTeX Font Info:    External font `cmex10' loaded for size
(Font)              <5> on input line 32.
c:/Users/m/Desktop/Uni/RWTH_Inhalt/23_24/Algorithmic learning theory/Notes/style/main_style.tex:32: Extra }, or forgotten $.
l.32 ..., QUARTER_PI, TAU, TWO_PI, width, height,}
                                                  ,
I've deleted a group-closing symbol because it seems to be
spurious, as in `$x}$'. But perhaps the } is legitimate and
you forgot something else, as in `\hbox{$x}'. In such cases
the way to recover is to insert both the forgotten and the
deleted material, e.g., by typing `I$}'.

c:/Users/m/Desktop/Uni/RWTH_Inhalt/23_24/Algorithmic learning theory/Notes/style/main_style.tex:33: Undefined control sequence.
l.33 ...=[1]{print,println,}, emphstyle=[1]{\color
                                                  {blue}}, % Mis palabras cl...
The control sequence at the end of the top line
of your error message was never \def'ed. If you have
misspelled it (e.g., `\hobx'), type `I' and the correct
spelling (e.g., `I\hbox'). Otherwise just continue,
and I'll forget about whatever was undefined.

c:/Users/m/Desktop/Uni/RWTH_Inhalt/23_24/Algorithmic learning theory/Notes/style/main_style.tex:34: Undefined control sequence.
l.34 	emph=[2]{width,height,}, emphstyle=[2]{\bf
                                                \color{violet}}, % Mis palab...
The control sequence at the end of the top line
of your error message was never \def'ed. If you have
misspelled it (e.g., `\hobx'), type `I' and the correct
spelling (e.g., `I\hbox'). Otherwise just continue,
and I'll forget about whatever was undefined.

c:/Users/m/Desktop/Uni/RWTH_Inhalt/23_24/Algorithmic learning theory/Notes/style/main_style.tex:34: Undefined control sequence.
l.34 ...2]{width,height,}, emphstyle=[2]{\bf\color
                                                  {violet}}, % Mis palabras ...
The control sequence at the end of the top line
of your error message was never \def'ed. If you have
misspelled it (e.g., `\hobx'), type `I' and the correct
spelling (e.g., `I\hbox'). Otherwise just continue,
and I'll forget about whatever was undefined.

c:/Users/m/Desktop/Uni/RWTH_Inhalt/23_24/Algorithmic learning theory/Notes/style/main_style.tex:35: Undefined control sequence.
l.35 ...RTER_PI, TAU, TWO_PI}, emphstyle=[3]\color
                                                  {orange!50!violet}, % Mis ...
The control sequence at the end of the top line
of your error message was never \def'ed. If you have
misspelled it (e.g., `\hobx'), type `I' and the correct
spelling (e.g., `I\hbox'). Otherwise just continue,
and I'll forget about whatever was undefined.

c:/Users/m/Desktop/Uni/RWTH_Inhalt/23_24/Algorithmic learning theory/Notes/style/main_style.tex:36: Undefined control sequence.
l.36 ...ipse, triangle, arc,}, emphstyle=[4]\color
                                                  {green!70!black}, % Mis pa...
The control sequence at the end of the top line
of your error message was never \def'ed. If you have
misspelled it (e.g., `\hobx'), type `I' and the correct
spelling (e.g., `I\hbox'). Otherwise just continue,
and I'll forget about whatever was undefined.

c:/Users/m/Desktop/Uni/RWTH_Inhalt/23_24/Algorithmic learning theory/Notes/style/main_style.tex:39: You can't use `macro parameter character #' in math mode.
l.39 	#
       1}}{\addtocounter{countCode}{1}}
Sorry, but I'm not programmed to handle this case;
I'll just pretend that you didn't ask for it.
If you're in the wrong mode, you might be able to
return to the right one by typing `I}' or `I$' or `I\par'.

c:/Users/m/Desktop/Uni/RWTH_Inhalt/23_24/Algorithmic learning theory/Notes/style/main_style.tex:39: Extra }, or forgotten $.
l.39 	#1}
         }{\addtocounter{countCode}{1}}
I've deleted a group-closing symbol because it seems to be
spurious, as in `$x}$'. But perhaps the } is legitimate and
you forgot something else, as in `\hbox{$x}'. In such cases
the way to recover is to insert both the forgotten and the
deleted material, e.g., by typing `I$}'.

c:/Users/m/Desktop/Uni/RWTH_Inhalt/23_24/Algorithmic learning theory/Notes/style/main_style.tex:39: Extra }, or forgotten $.
l.39 	#1}}
          {\addtocounter{countCode}{1}}
I've deleted a group-closing symbol because it seems to be
spurious, as in `$x}$'. But perhaps the } is legitimate and
you forgot something else, as in `\hbox{$x}'. In such cases
the way to recover is to insert both the forgotten and the
deleted material, e.g., by typing `I$}'.

)
! Emergency stop.
<*> ...learning theory/Notes/style/main_style.tex"
                                                  
*** (job aborted, no legal \end found)

 
Here is how much of TeX's memory you used:
 29 strings out of 481248
 871 string characters out of 5922089
 237107 words of memory out of 5000000
 15386 multiletter control sequences out of 15000+600000
 532506 words of font info for 25 fonts, out of 8000000 for 9000
 1141 hyphenation exceptions out of 8191
 18i,3n,15p,281b,118s stack positions out of 5000i,500n,10000p,200000b,80000s
!  ==> Fatal error occurred, no output PDF file produced!
